  源.cpp
g:\vs\学生管理\project5\源.cpp(35): warning C4473: “scanf_s”: 没有为格式字符串传递足够的参数
  g:\vs\学生管理\project5\源.cpp(35): note: 占位符和其参数预计 2 可变参数，但提供的却是 1 参数
  g:\vs\学生管理\project5\源.cpp(35): note: 缺失的可变参数 2 为格式字符串“%s”所需
  g:\vs\学生管理\project5\源.cpp(35): note: 此参数用作缓冲区大小
g:\vs\学生管理\project5\源.cpp(38): warning C4473: “scanf_s”: 没有为格式字符串传递足够的参数
  g:\vs\学生管理\project5\源.cpp(38): note: 占位符和其参数预计 2 可变参数，但提供的却是 1 参数
  g:\vs\学生管理\project5\源.cpp(38): note: 缺失的可变参数 2 为格式字符串“%s”所需
  g:\vs\学生管理\project5\源.cpp(38): note: 此参数用作缓冲区大小
g:\vs\学生管理\project5\源.cpp(41): warning C4473: “scanf_s”: 没有为格式字符串传递足够的参数
  g:\vs\学生管理\project5\源.cpp(41): note: 占位符和其参数预计 2 可变参数，但提供的却是 1 参数
  g:\vs\学生管理\project5\源.cpp(41): note: 缺失的可变参数 2 为格式字符串“%s”所需
  g:\vs\学生管理\project5\源.cpp(41): note: 此参数用作缓冲区大小
g:\vs\学生管理\project5\源.cpp(44): warning C4473: “scanf_s”: 没有为格式字符串传递足够的参数
  g:\vs\学生管理\project5\源.cpp(44): note: 占位符和其参数预计 2 可变参数，但提供的却是 1 参数
  g:\vs\学生管理\project5\源.cpp(44): note: 缺失的可变参数 2 为格式字符串“%s”所需
  g:\vs\学生管理\project5\源.cpp(44): note: 此参数用作缓冲区大小
g:\vs\学生管理\project5\源.cpp(48): warning C4996: 'scanf': This function or variable may be unsafe. Consider using scanf_s instead. To disable deprecation, use _CRT_SECURE_NO_WARNINGS. See online help for details.
  c:\program files (x86)\windows kits\10\include\10.0.10240.0\ucrt\stdio.h(1270): note: 参见“scanf”的声明
g:\vs\学生管理\project5\源.cpp(52): warning C4996: 'fopen': This function or variable may be unsafe. Consider using fopen_s instead. To disable deprecation, use _CRT_SECURE_NO_WARNINGS. See online help for details.
  c:\program files (x86)\windows kits\10\include\10.0.10240.0\ucrt\stdio.h(205): note: 参见“fopen”的声明
g:\vs\学生管理\project5\源.cpp(93): warning C4996: 'scanf': This function or variable may be unsafe. Consider using scanf_s instead. To disable deprecation, use _CRT_SECURE_NO_WARNINGS. See online help for details.
  c:\program files (x86)\windows kits\10\include\10.0.10240.0\ucrt\stdio.h(1270): note: 参见“scanf”的声明
g:\vs\学生管理\project5\源.cpp(64): warning C4715: “create”: 不是所有的控件路径都返回值
  Project5.vcxproj -> G:\vs\学生管理\Debug\Project5.exe
  Project5.vcxproj -> G:\vs\学生管理\Debug\Project5.pdb (Full PDB)
